[2026-04-07 17:35:41] Logs will be saved to: /home/venu/Desktop/ueautomation/logs/Phase_C_Batch_4_Chaos_20260407_173541
[2026-04-07 17:35:41] >>> Starting Random Session (Dynamic RRC Training)
[2026-04-07 17:35:44] Radio is OFF (Confirmed via Settings).
[2026-04-07 17:35:53] Data Connection Established. Stabilizing for 2s...
[2026-04-07 17:35:55] --- Activity 1/9: activity_data_toggle (53 s) ---
[2026-04-07 17:35:55]   -> Running: Soft Data Toggle (RRC Reconf Trigger)
[2026-04-07 17:35:55]      Disabling Mobile Data...
[2026-04-07 17:36:02] Data Connection Established. Stabilizing for 2s...
[2026-04-07 17:37:04] --- Activity 2/9: activity_browse (90 s) ---
[2026-04-07 17:37:04]   -> Running: Browsing (90 s)
[2026-04-07 17:37:04]      Visiting: https://www.google.com
[2026-04-07 17:37:04] Opening URL: https://www.google.com
[2026-04-07 17:37:15]      Visiting: https://www.cnn.com
[2026-04-07 17:37:15] Opening URL: https://www.cnn.com
[2026-04-07 17:37:25]      Visiting: https://www.cnn.com/world
[2026-04-07 17:37:25] Opening URL: https://www.cnn.com/world
[2026-04-07 17:37:36]      Visiting: https://www.theverge.com
[2026-04-07 17:37:36] Opening URL: https://www.theverge.com
[2026-04-07 17:37:46]      Visiting: https://www.reddit.com
[2026-04-07 17:37:46] Opening URL: https://www.reddit.com
[2026-04-07 17:37:57]      Visiting: https://www.reddit.com/r/technology
[2026-04-07 17:37:57] Opening URL: https://www.reddit.com/r/technology
[2026-04-07 17:38:07]      Visiting: https://en.m.wikipedia.org/wiki/Special:Random
[2026-04-07 17:38:07] Opening URL: https://en.m.wikipedia.org/wiki/Special:Random
[2026-04-07 17:38:18]      Visiting: https://www.bbc.com/news
[2026-04-07 17:38:18] Opening URL: https://www.bbc.com/news
[2026-04-07 17:38:28]      Visiting: https://www.bbc.com/sport
[2026-04-07 17:38:28] Opening URL: https://www.bbc.com/sport
[2026-04-07 17:38:42] --- Activity 3/9: activity_call (90 s) ---
[2026-04-07 17:38:42]   -> Running: Voice Call (90 s) to 9310524847
[2026-04-07 17:38:45] Initiating call to 9310524847...
[2026-04-07 17:40:25] --- Activity 4/9: activity_traffic_burst (82 s) ---
[2026-04-07 17:40:25]   -> Running: Traffic Burst (Pulse Download) - 82 s
[2026-04-07 17:40:25]      >> Burst: Download 5s
[2026-04-07 17:40:25] Opening URL: https://fast.com
[2026-04-07 17:40:35]      >> Burst: Download 5s
[2026-04-07 17:40:35] Opening URL: https://fast.com
[2026-04-07 17:40:46]      >> Burst: Download 5s
[2026-04-07 17:40:46] Opening URL: https://fast.com
[2026-04-07 17:40:56]      >> Burst: Download 5s
[2026-04-07 17:40:56] Opening URL: https://fast.com
[2026-04-07 17:41:06]      >> Burst: Download 5s
[2026-04-07 17:41:06] Opening URL: https://fast.com
[2026-04-07 17:41:17]      >> Burst: Download 5s
[2026-04-07 17:41:17] Opening URL: https://fast.com
[2026-04-07 17:41:27]      >> Burst: Download 5s
[2026-04-07 17:41:27] Opening URL: https://fast.com
[2026-04-07 17:41:37]      >> Burst: Download 5s
[2026-04-07 17:41:37] Opening URL: https://fast.com
[2026-04-07 17:41:55] --- Activity 5/9: activity_data_toggle (56 s) ---
[2026-04-07 17:41:55]   -> Running: Soft Data Toggle (RRC Reconf Trigger)
[2026-04-07 17:41:55]      Disabling Mobile Data...
[2026-04-07 17:42:01] Data Connection Established. Stabilizing for 2s...
[2026-04-07 17:43:06] --- Activity 6/9: activity_data_toggle (53 s) ---
[2026-04-07 17:43:06]   -> Running: Soft Data Toggle (RRC Reconf Trigger)
[2026-04-07 17:43:06]      Disabling Mobile Data...
[2026-04-07 17:43:13] Data Connection Established. Stabilizing for 2s...
[2026-04-07 17:44:15] --- Activity 7/9: activity_upload_download (84 s) ---
[2026-04-07 17:44:15]   -> Running: Upload (Ping) + Download (84 s)
[2026-04-07 17:44:15]      >> Started background Upload (ping flood)
[2026-04-07 17:44:15]   -> Running: Download 100MB (84 s window)
[2026-04-07 17:44:16] Opening URL: https://ash-speed.hetzner.com/100MB.bin?t=1775564056
[2026-04-07 17:45:47] --- Activity 8/9: activity_call (63 s) ---
[2026-04-07 17:45:47]   -> Running: Voice Call (63 s) to 9310524847
[2026-04-07 17:45:50] Initiating call to 9310524847...
[2026-04-07 17:47:03] --- Activity 9/9: activity_upload_download (88 s) ---
[2026-04-07 17:47:03]   -> Running: Upload (Ping) + Download (88 s)
[2026-04-07 17:47:03]      >> Started background Upload (ping flood)
[2026-04-07 17:47:03]   -> Running: Download 100MB (88 s window)
[2026-04-07 17:47:03] Opening URL: https://ash-speed.hetzner.com/100MB.bin?t=1775564223
[2026-04-07 17:48:46] >>> Completed Random Session
