[2026-04-06 17:24:40] Logs will be saved to: /home/venu/Desktop/ueautomation/logs/20260406_172440
[2026-04-06 17:24:40] >>> Starting Random Session (Dynamic RRC Training)
[2026-04-06 17:24:42] Radio is OFF (Confirmed via Settings).
[2026-04-06 17:24:47] Data Connection Established. Stabilizing for 2s...
[2026-04-06 17:24:49] --- Activity 1/9: activity_call_burst (80 s) ---
[2026-04-06 17:24:49]   -> Running: Call + Traffic Burst (Pulse) (80 s)
[2026-04-06 17:24:49] Initiating call to 9310524847...
[2026-04-06 17:24:54]   -> Running: Traffic Burst (Pulse Download) - 75 s
[2026-04-06 17:24:54]      >> Burst: Download 5s
[2026-04-06 17:24:55] Opening URL: https://fast.com
[2026-04-06 17:25:05]      >> Burst: Download 5s
[2026-04-06 17:25:05] Opening URL: https://fast.com
[2026-04-06 17:25:15]      >> Burst: Download 5s
[2026-04-06 17:25:15] Opening URL: https://fast.com
[2026-04-06 17:25:25]      >> Burst: Download 5s
[2026-04-06 17:25:25] Opening URL: https://fast.com
[2026-04-06 17:25:35]      >> Burst: Download 5s
[2026-04-06 17:25:35] Opening URL: https://fast.com
[2026-04-06 17:25:45]      >> Burst: Download 5s
[2026-04-06 17:25:45] Opening URL: https://fast.com
[2026-04-06 17:25:56]      >> Burst: Download 5s
[2026-04-06 17:25:56] Opening URL: https://fast.com
[2026-04-06 17:26:06]      >> Burst: Download 5s
[2026-04-06 17:26:06] Opening URL: https://fast.com
[2026-04-06 17:26:19] --- Activity 2/9: activity_traffic_burst (83 s) ---
[2026-04-06 17:26:19]   -> Running: Traffic Burst (Pulse Download) - 83 s
[2026-04-06 17:26:19]      >> Burst: Download 5s
[2026-04-06 17:26:19] Opening URL: https://fast.com
[2026-04-06 17:26:29]      >> Burst: Download 5s
[2026-04-06 17:26:29] Opening URL: https://fast.com
[2026-04-06 17:26:39]      >> Burst: Download 5s
[2026-04-06 17:26:39] Opening URL: https://fast.com
[2026-04-06 17:26:49]      >> Burst: Download 5s
[2026-04-06 17:26:49] Opening URL: https://fast.com
[2026-04-06 17:27:00]      >> Burst: Download 5s
[2026-04-06 17:27:00] Opening URL: https://fast.com
[2026-04-06 17:27:10]      >> Burst: Download 5s
[2026-04-06 17:27:10] Opening URL: https://fast.com
[2026-04-06 17:27:20]      >> Burst: Download 5s
[2026-04-06 17:27:20] Opening URL: https://fast.com
[2026-04-06 17:27:30]      >> Burst: Download 5s
[2026-04-06 17:27:30] Opening URL: https://fast.com
[2026-04-06 17:27:41]      >> Burst: Download 5s
[2026-04-06 17:27:41] Opening URL: https://fast.com
[2026-04-06 17:27:53] --- Activity 3/9: activity_idle (80 s) ---
[2026-04-06 17:27:53]   -> Running: Idle (10 s)
[2026-04-06 17:28:10] --- Activity 4/9: activity_call_burst (51 s) ---
[2026-04-06 17:28:10]   -> Running: Call + Traffic Burst (Pulse) (51 s)
[2026-04-06 17:28:10] Initiating call to 9310524847...
[2026-04-06 17:28:16]   -> Running: Traffic Burst (Pulse Download) - 46 s
[2026-04-06 17:28:16]      >> Burst: Download 5s
[2026-04-06 17:28:16] Opening URL: https://fast.com
[2026-04-06 17:28:26]      >> Burst: Download 5s
[2026-04-06 17:28:26] Opening URL: https://fast.com
[2026-04-06 17:28:36]      >> Burst: Download 5s
[2026-04-06 17:28:36] Opening URL: https://fast.com
[2026-04-06 17:28:46]      >> Burst: Download 5s
[2026-04-06 17:28:46] Opening URL: https://fast.com
[2026-04-06 17:28:56]      >> Burst: Download 5s
[2026-04-06 17:28:56] Opening URL: https://fast.com
[2026-04-06 17:29:09] --- Activity 5/9: activity_traffic_burst (63 s) ---
[2026-04-06 17:29:09]   -> Running: Traffic Burst (Pulse Download) - 63 s
[2026-04-06 17:29:09]      >> Burst: Download 5s
[2026-04-06 17:29:09] Opening URL: https://fast.com
[2026-04-06 17:29:19]      >> Burst: Download 5s
[2026-04-06 17:29:19] Opening URL: https://fast.com
[2026-04-06 17:29:30]      >> Burst: Download 5s
[2026-04-06 17:29:30] Opening URL: https://fast.com
[2026-04-06 17:29:40]      >> Burst: Download 5s
[2026-04-06 17:29:40] Opening URL: https://fast.com
