[2026-04-07 16:13:24] Logs will be saved to: /home/venu/Desktop/ueautomation/logs/Phase_C_Batch_1_Chaos_20260407_161324
[2026-04-07 16:13:24] >>> Starting Random Session (Dynamic RRC Training)
[2026-04-07 16:13:26] Radio is OFF (Confirmed via Settings).
[2026-04-07 16:14:45] --- Activity 1/18: activity_call (65 s) ---
[2026-04-07 16:14:45]   -> Running: Voice Call (65 s) to 9310524847
[2026-04-07 16:14:48] Initiating call to 9310524847...
[2026-04-07 16:16:03] --- Activity 2/18: activity_browse (86 s) ---
[2026-04-07 16:16:03]   -> Running: Browsing (86 s)
[2026-04-07 16:16:03]      Visiting: https://www.google.com
[2026-04-07 16:16:03] Opening URL: https://www.google.com
[2026-04-07 16:16:13]      Visiting: https://www.cnn.com
[2026-04-07 16:16:13] Opening URL: https://www.cnn.com
[2026-04-07 16:16:23]      Visiting: https://www.cnn.com/world
[2026-04-07 16:16:23] Opening URL: https://www.cnn.com/world
[2026-04-07 16:16:34]      Visiting: https://www.theverge.com
[2026-04-07 16:16:34] Opening URL: https://www.theverge.com
[2026-04-07 16:16:44]      Visiting: https://www.reddit.com
[2026-04-07 16:16:44] Opening URL: https://www.reddit.com
[2026-04-07 16:16:55]      Visiting: https://www.reddit.com/r/technology
[2026-04-07 16:16:55] Opening URL: https://www.reddit.com/r/technology
[2026-04-07 16:17:05]      Visiting: https://en.m.wikipedia.org/wiki/Special:Random
[2026-04-07 16:17:05] Opening URL: https://en.m.wikipedia.org/wiki/Special:Random
[2026-04-07 16:17:15]      Visiting: https://www.bbc.com/news
[2026-04-07 16:17:15] Opening URL: https://www.bbc.com/news
[2026-04-07 16:17:26]      Visiting: https://www.bbc.com/sport
[2026-04-07 16:17:26] Opening URL: https://www.bbc.com/sport
[2026-04-07 16:17:38] --- Activity 3/18: activity_browse (85 s) ---
[2026-04-07 16:17:38]   -> Running: Browsing (85 s)
[2026-04-07 16:17:39]      Visiting: https://www.google.com
[2026-04-07 16:17:39] Opening URL: https://www.google.com
[2026-04-07 16:17:49]      Visiting: https://www.cnn.com
[2026-04-07 16:17:49] Opening URL: https://www.cnn.com
[2026-04-07 16:17:59]      Visiting: https://www.cnn.com/world
[2026-04-07 16:17:59] Opening URL: https://www.cnn.com/world
[2026-04-07 16:18:10]      Visiting: https://www.theverge.com
[2026-04-07 16:18:10] Opening URL: https://www.theverge.com
[2026-04-07 16:18:20]      Visiting: https://www.reddit.com
[2026-04-07 16:18:20] Opening URL: https://www.reddit.com
[2026-04-07 16:18:30]      Visiting: https://www.reddit.com/r/technology
[2026-04-07 16:18:30] Opening URL: https://www.reddit.com/r/technology
[2026-04-07 16:18:41]      Visiting: https://en.m.wikipedia.org/wiki/Special:Random
[2026-04-07 16:18:41] Opening URL: https://en.m.wikipedia.org/wiki/Special:Random
[2026-04-07 16:18:51]      Visiting: https://www.bbc.com/news
[2026-04-07 16:18:51] Opening URL: https://www.bbc.com/news
[2026-04-07 16:19:02]      Visiting: https://www.bbc.com/sport
[2026-04-07 16:19:02] Opening URL: https://www.bbc.com/sport
[2026-04-07 16:19:14] --- Activity 4/18: activity_call_download (79 s) ---
[2026-04-07 16:19:14]   -> Running: Call + Download (79 s)
[2026-04-07 16:19:14] Initiating call to 9310524847...
[2026-04-07 16:19:20] Opening URL: https://ash-speed.hetzner.com/100MB.bin?t=1775558960
[2026-04-07 16:20:42] --- Activity 5/18: activity_full_stress (89 s) ---
[2026-04-07 16:20:42]   -> Running: FULL STRESS (Call+Upload+Download) (89 s)
[2026-04-07 16:20:47] Opening URL: https://ash-speed.hetzner.com/100MB.bin?t=1775559047
[2026-04-07 16:22:18] --- Activity 6/18: activity_upload (45 s) ---
[2026-04-07 16:22:18]   -> Running: Upload Stress (Ping Flood) - 45 s
[2026-04-07 16:22:18] Opening URL: https://www.google.com/search?q=upload+stress+test+active
[2026-04-07 16:22:23]      Starting background ping flood (Log: /home/venu/Desktop/ueautomation/logs/Phase_C_Batch_1_Chaos_20260407_161324/upload_stress.log)...
[2026-04-07 16:23:08]      Upload stress finished.
[2026-04-07 16:23:16] --- Activity 7/18: activity_call (66 s) ---
[2026-04-07 16:23:16]   -> Running: Voice Call (66 s) to 9310524847
[2026-04-07 16:23:19] Initiating call to 9310524847...
[2026-04-07 16:24:34] --- Activity 8/18: activity_browse (69 s) ---
[2026-04-07 16:24:34]   -> Running: Browsing (69 s)
[2026-04-07 16:24:34]      Visiting: https://www.google.com
[2026-04-07 16:24:34] Opening URL: https://www.google.com
[2026-04-07 16:24:44]      Visiting: https://www.cnn.com
[2026-04-07 16:24:44] Opening URL: https://www.cnn.com
[2026-04-07 16:24:55]      Visiting: https://www.cnn.com/world
[2026-04-07 16:24:55] Opening URL: https://www.cnn.com/world
[2026-04-07 16:25:05]      Visiting: https://www.theverge.com
[2026-04-07 16:25:05] Opening URL: https://www.theverge.com
[2026-04-07 16:25:15]      Visiting: https://www.reddit.com
[2026-04-07 16:25:15] Opening URL: https://www.reddit.com
[2026-04-07 16:25:26]      Visiting: https://www.reddit.com/r/technology
[2026-04-07 16:25:26] Opening URL: https://www.reddit.com/r/technology
[2026-04-07 16:25:36]      Visiting: https://en.m.wikipedia.org/wiki/Special:Random
[2026-04-07 16:25:36] Opening URL: https://en.m.wikipedia.org/wiki/Special:Random
[2026-04-07 16:25:51] --- Activity 9/18: activity_data_toggle (53 s) ---
[2026-04-07 16:25:51]   -> Running: Soft Data Toggle (RRC Reconf Trigger)
[2026-04-07 16:25:51]      Disabling Mobile Data...
[2026-04-07 16:28:06] --- Activity 10/18: activity_download (68 s) ---
[2026-04-07 16:28:06]   -> Running: Download 100MB (68 s window)
[2026-04-07 16:28:06] Opening URL: https://ash-speed.hetzner.com/100MB.bin?t=1775559486
[2026-04-07 16:29:22] --- Activity 11/18: activity_call (75 s) ---
[2026-04-07 16:29:22]   -> Running: Voice Call (75 s) to 9310524847
[2026-04-07 16:29:25] Initiating call to 9310524847...
[2026-04-07 16:30:49] --- Activity 12/18: activity_call (46 s) ---
[2026-04-07 16:30:49]   -> Running: Voice Call (46 s) to 9310524847
[2026-04-07 16:30:52] Initiating call to 9310524847...
[2026-04-07 16:31:48] --- Activity 13/18: activity_ping (58 s) ---
[2026-04-07 16:31:48]   -> Running: Ping Test
[2026-04-07 16:32:06] --- Activity 14/18: activity_upload (87 s) ---
[2026-04-07 16:32:06]   -> Running: Upload Stress (Ping Flood) - 87 s
[2026-04-07 16:32:06] Opening URL: https://www.google.com/search?q=upload+stress+test+active
[2026-04-07 16:32:11]      Starting background ping flood (Log: /home/venu/Desktop/ueautomation/logs/Phase_C_Batch_1_Chaos_20260407_161324/upload_stress.log)...
[2026-04-07 16:33:38]      Upload stress finished.
[2026-04-07 16:33:45] --- Activity 15/18: activity_browse (76 s) ---
[2026-04-07 16:33:45]   -> Running: Browsing (76 s)
[2026-04-07 16:33:45]      Visiting: https://www.google.com
[2026-04-07 16:33:45] Opening URL: https://www.google.com
[2026-04-07 16:33:56]      Visiting: https://www.cnn.com
[2026-04-07 16:33:56] Opening URL: https://www.cnn.com
[2026-04-07 16:34:06]      Visiting: https://www.cnn.com/world
[2026-04-07 16:34:06] Opening URL: https://www.cnn.com/world
[2026-04-07 16:34:17]      Visiting: https://www.theverge.com
[2026-04-07 16:34:17] Opening URL: https://www.theverge.com
[2026-04-07 16:34:27]      Visiting: https://www.reddit.com
[2026-04-07 16:34:27] Opening URL: https://www.reddit.com
[2026-04-07 16:34:37]      Visiting: https://www.reddit.com/r/technology
[2026-04-07 16:34:37] Opening URL: https://www.reddit.com/r/technology
[2026-04-07 16:34:48]      Visiting: https://en.m.wikipedia.org/wiki/Special:Random
[2026-04-07 16:34:48] Opening URL: https://en.m.wikipedia.org/wiki/Special:Random
[2026-04-07 16:34:58]      Visiting: https://www.bbc.com/news
[2026-04-07 16:34:58] Opening URL: https://www.bbc.com/news
[2026-04-07 16:35:11] --- Activity 16/18: activity_upload_download (56 s) ---
[2026-04-07 16:35:11]   -> Running: Upload (Ping) + Download (56 s)
[2026-04-07 16:35:11]   -> Running: Download 100MB (56 s window)
[2026-04-07 16:35:11] Opening URL: https://ash-speed.hetzner.com/100MB.bin?t=1775559911
[2026-04-07 16:36:15] --- Activity 17/18: activity_upload_download (48 s) ---
[2026-04-07 16:36:15]   -> Running: Upload (Ping) + Download (48 s)
[2026-04-07 16:36:15]   -> Running: Download 100MB (48 s window)
[2026-04-07 16:36:15] Opening URL: https://ash-speed.hetzner.com/100MB.bin?t=1775559975
[2026-04-07 16:37:10] --- Activity 18/18: activity_browse (70 s) ---
[2026-04-07 16:37:10]   -> Running: Browsing (70 s)
[2026-04-07 16:37:10]      Visiting: https://www.google.com
[2026-04-07 16:37:10] Opening URL: https://www.google.com
[2026-04-07 16:37:21]      Visiting: https://www.cnn.com
[2026-04-07 16:37:21] Opening URL: https://www.cnn.com
[2026-04-07 16:37:31]      Visiting: https://www.cnn.com/world
[2026-04-07 16:37:31] Opening URL: https://www.cnn.com/world
[2026-04-07 16:37:41]      Visiting: https://www.theverge.com
[2026-04-07 16:37:41] Opening URL: https://www.theverge.com
[2026-04-07 16:37:52]      Visiting: https://www.reddit.com
[2026-04-07 16:37:52] Opening URL: https://www.reddit.com
[2026-04-07 16:38:02]      Visiting: https://www.reddit.com/r/technology
[2026-04-07 16:38:02] Opening URL: https://www.reddit.com/r/technology
[2026-04-07 16:38:13]      Visiting: https://en.m.wikipedia.org/wiki/Special:Random
[2026-04-07 16:38:13] Opening URL: https://en.m.wikipedia.org/wiki/Special:Random
[2026-04-07 16:38:27] --- Final Activity (YouTube - always last): activity_youtube (49 s) ---
[2026-04-07 16:38:27]   -> Running: YouTube (49 s)
[2026-04-07 16:38:27] Opening YouTube: https://www.youtube.com/watch?v=LXb3EKWsInQ
[2026-04-07 16:40:20] >>> Completed Random Session
